<?xml version="1.0" encoding="UTF-8"?>
<testsuite name="com.rootinsurance.rootdemo.RootdemoApplicationTests" tests="1" skipped="0" failures="0" errors="0" timestamp="2021-02-24T19:12:13" hostname="BLD" time="0.217">
  <properties/>
  <testcase name="contextLoads()" classname="com.rootinsurance.rootdemo.RootdemoApplicationTests" time="0.217"/>
  <system-out><![CDATA[14:12:12.486 [Test worker] DEBUG org.springframework.test.context.BootstrapUtils - Instantiating CacheAwareContextLoaderDelegate from class [org.springframework.test.context.cache.DefaultCacheAwareContextLoaderDelegate]
14:12:12.495 [Test worker] DEBUG org.springframework.test.context.BootstrapUtils - Instantiating BootstrapContext using constructor [public org.springframework.test.context.support.DefaultBootstrapContext(java.lang.Class,org.springframework.test.context.CacheAwareContextLoaderDelegate)]
14:12:12.518 [Test worker] DEBUG org.springframework.test.context.BootstrapUtils - Instantiating TestContextBootstrapper for test class [com.rootinsurance.rootdemo.RootdemoApplicationTests] from class [org.springframework.boot.test.context.SpringBootTestContextBootstrapper]
14:12:12.525 [Test worker] INFO org.springframework.boot.test.context.SpringBootTestContextBootstrapper - Neither @ContextConfiguration nor @ContextHierarchy found for test class [com.rootinsurance.rootdemo.RootdemoApplicationTests], using SpringBootContextLoader
14:12:12.528 [Test worker] DEBUG org.springframework.test.context.support.AbstractContextLoader - Did not detect default resource location for test class [com.rootinsurance.rootdemo.RootdemoApplicationTests]: class path resource [com/rootinsurance/rootdemo/RootdemoApplicationTests-context.xml] does not exist
14:12:12.528 [Test worker] DEBUG org.springframework.test.context.support.AbstractContextLoader - Did not detect default resource location for test class [com.rootinsurance.rootdemo.RootdemoApplicationTests]: class path resource [com/rootinsurance/rootdemo/RootdemoApplicationTestsContext.groovy] does not exist
14:12:12.528 [Test worker] INFO org.springframework.test.context.support.AbstractContextLoader - Could not detect default resource locations for test class [com.rootinsurance.rootdemo.RootdemoApplicationTests]: no resource found for suffixes {-context.xml, Context.groovy}.
14:12:12.529 [Test worker] INFO org.springframework.test.context.support.AnnotationConfigContextLoaderUtils - Could not detect default configuration classes for test class [com.rootinsurance.rootdemo.RootdemoApplicationTests]: RootdemoApplicationTests does not declare any static, non-private, non-final, nested classes annotated with @Configuration.
14:12:12.557 [Test worker] DEBUG org.springframework.test.context.support.ActiveProfilesUtils - Could not find an 'annotation declaring class' for annotation type [org.springframework.test.context.ActiveProfiles] and class [com.rootinsurance.rootdemo.RootdemoApplicationTests]
14:12:12.598 [Test worker] DEBUG org.springframework.context.annotation.ClassPathScanningCandidateComponentProvider - Identified candidate component class: file [C:\Users\Barney\Documents\VSCodeWS\rootdemo\build\classes\java\main\com\rootinsurance\rootdemo\RootdemoApplication.class]
14:12:12.599 [Test worker] INFO org.springframework.boot.test.context.SpringBootTestContextBootstrapper - Found @SpringBootConfiguration com.rootinsurance.rootdemo.RootdemoApplication for test class com.rootinsurance.rootdemo.RootdemoApplicationTests
14:12:12.665 [Test worker] DEBUG org.springframework.boot.test.context.SpringBootTestContextBootstrapper - @TestExecutionListeners is not present for class [com.rootinsurance.rootdemo.RootdemoApplicationTests]: using defaults.
14:12:12.665 [Test worker] INFO org.springframework.boot.test.context.SpringBootTestContextBootstrapper - Loaded default TestExecutionListener class names from location [META-INF/spring.factories]: [org.springframework.boot.test.autoconfigure.restdocs.RestDocsTestExecutionListener, org.springframework.boot.test.autoconfigure.web.client.MockRestServiceServerResetTestExecutionListener, org.springframework.boot.test.autoconfigure.web.servlet.MockMvcPrintOnlyOnFailureTestExecutionListener, org.springframework.boot.test.autoconfigure.web.servlet.WebDriverTestExecutionListener, org.springframework.boot.test.autoconfigure.webservices.client.MockWebServiceServerTestExecutionListener, org.springframework.boot.test.mock.mockito.MockitoTestExecutionListener, org.springframework.boot.test.mock.mockito.ResetMocksTestExecutionListener, org.springframework.test.context.web.ServletTestExecutionListener, org.springframework.test.context.support.DirtiesContextBeforeModesTestExecutionListener, org.springframework.test.context.event.ApplicationEventsTestExecutionListener, org.springframework.test.context.support.DependencyInjectionTestExecutionListener, org.springframework.test.context.support.DirtiesContextTestExecutionListener, org.springframework.test.context.transaction.TransactionalTestExecutionListener, org.springframework.test.context.jdbc.SqlScriptsTestExecutionListener, org.springframework.test.context.event.EventPublishingTestExecutionListener]
14:12:12.671 [Test worker] DEBUG org.springframework.boot.test.context.SpringBootTestContextBootstrapper - Skipping candidate TestExecutionListener [org.springframework.test.context.web.ServletTestExecutionListener] due to a missing dependency. Specify custom listener classes or make the default listener classes and their required dependencies available. Offending class: [javax/servlet/ServletContext]
14:12:12.672 [Test worker] DEBUG org.springframework.boot.test.context.SpringBootTestContextBootstrapper - Skipping candidate TestExecutionListener [org.springframework.test.context.transaction.TransactionalTestExecutionListener] due to a missing dependency. Specify custom listener classes or make the default listener classes and their required dependencies available. Offending class: [org/springframework/transaction/interceptor/TransactionAttributeSource]
14:12:12.673 [Test worker] DEBUG org.springframework.boot.test.context.SpringBootTestContextBootstrapper - Skipping candidate TestExecutionListener [org.springframework.test.context.jdbc.SqlScriptsTestExecutionListener] due to a missing dependency. Specify custom listener classes or make the default listener classes and their required dependencies available. Offending class: [org/springframework/transaction/interceptor/TransactionAttribute]
14:12:12.673 [Test worker] INFO org.springframework.boot.test.context.SpringBootTestContextBootstrapper - Using TestExecutionListeners: [org.springframework.test.context.support.DirtiesContextBeforeModesTestExecutionListener@5859efdd, org.springframework.test.context.event.ApplicationEventsTestExecutionListener@acdfcf0, org.springframework.boot.test.mock.mockito.MockitoTestExecutionListener@225bce1, org.springframework.boot.test.autoconfigure.SpringBootDependencyInjectionTestExecutionListener@18819a7, org.springframework.test.context.support.DirtiesContextTestExecutionListener@16b8294c, org.springframework.test.context.event.EventPublishingTestExecutionListener@73f76d17, org.springframework.boot.test.autoconfigure.restdocs.RestDocsTestExecutionListener@5c9a053c, org.springframework.boot.test.autoconfigure.web.client.MockRestServiceServerResetTestExecutionListener@1d1e6a29, org.springframework.boot.test.autoconfigure.web.servlet.MockMvcPrintOnlyOnFailureTestExecutionListener@4abbc28f, org.springframework.boot.test.autoconfigure.web.servlet.WebDriverTestExecutionListener@26c911a, org.springframework.boot.test.autoconfigure.webservices.client.MockWebServiceServerTestExecutionListener@e53d78e, org.springframework.boot.test.mock.mockito.ResetMocksTestExecutionListener@6072bb4f]
14:12:12.676 [Test worker] DEBUG org.springframework.test.context.support.AbstractDirtiesContextTestExecutionListener - Before test class: context [DefaultTestContext@3e44be9c testClass = RootdemoApplicationTests, testInstance = [null], testMethod = [null], testException = [null], mergedContextConfiguration = [MergedContextConfiguration@19dd010c testClass = RootdemoApplicationTests, locations = '{}', classes = '{class com.rootinsurance.rootdemo.RootdemoApplication}', contextInitializerClasses = '[]', activeProfiles = '{}', propertySourceLocations = '{}', propertySourceProperties = '{org.springframework.boot.test.context.SpringBootTestContextBootstrapper=true}', contextCustomizers = set[org.springframework.boot.test.autoconfigure.actuate.metrics.MetricsExportContextCustomizerFactory$DisableMetricExportContextCustomizer@5e535bd7, org.springframework.boot.test.autoconfigure.properties.PropertyMappingContextCustomizer@0, org.springframework.boot.test.autoconfigure.web.servlet.WebDriverContextCustomizerFactory$Customizer@1e6810b1, org.springframework.boot.test.context.filter.ExcludeFilterContextCustomizer@292437c7, org.springframework.boot.test.json.DuplicateJsonObjectContextCustomizerFactory$DuplicateJsonObjectContextCustomizer@3b30cf08, org.springframework.boot.test.mock.mockito.MockitoContextCustomizer@0, org.springframework.boot.test.web.client.TestRestTemplateContextCustomizer@5dc4949b, org.springframework.boot.test.context.SpringBootTestArgs@1, org.springframework.boot.test.context.SpringBootTestWebEnvironment@64aa9832], contextLoader = 'org.springframework.boot.test.context.SpringBootContextLoader', parent = [null]], attributes = map[[empty]]], class annotated with @DirtiesContext [false] with mode [null].
14:12:12.684 [Test worker] DEBUG org.springframework.test.context.support.DependencyInjectionTestExecutionListener - Performing dependency injection for test context [[DefaultTestContext@3e44be9c testClass = RootdemoApplicationTests, testInstance = com.rootinsurance.rootdemo.RootdemoApplicationTests@2c6c34ca, testMethod = [null], testException = [null], mergedContextConfiguration = [MergedContextConfiguration@19dd010c testClass = RootdemoApplicationTests, locations = '{}', classes = '{class com.rootinsurance.rootdemo.RootdemoApplication}', contextInitializerClasses = '[]', activeProfiles = '{}', propertySourceLocations = '{}', propertySourceProperties = '{org.springframework.boot.test.context.SpringBootTestContextBootstrapper=true}', contextCustomizers = set[org.springframework.boot.test.autoconfigure.actuate.metrics.MetricsExportContextCustomizerFactory$DisableMetricExportContextCustomizer@5e535bd7, org.springframework.boot.test.autoconfigure.properties.PropertyMappingContextCustomizer@0, org.springframework.boot.test.autoconfigure.web.servlet.WebDriverContextCustomizerFactory$Customizer@1e6810b1, org.springframework.boot.test.context.filter.ExcludeFilterContextCustomizer@292437c7, org.springframework.boot.test.json.DuplicateJsonObjectContextCustomizerFactory$DuplicateJsonObjectContextCustomizer@3b30cf08, org.springframework.boot.test.mock.mockito.MockitoContextCustomizer@0, org.springframework.boot.test.web.client.TestRestTemplateContextCustomizer@5dc4949b, org.springframework.boot.test.context.SpringBootTestArgs@1, org.springframework.boot.test.context.SpringBootTestWebEnvironment@64aa9832], contextLoader = 'org.springframework.boot.test.context.SpringBootContextLoader', parent = [null]], attributes = map['org.springframework.test.context.event.ApplicationEventsTestExecutionListener.recordApplicationEvents' -> false]]].
14:12:12.707 [Test worker] DEBUG org.springframework.test.context.support.TestPropertySourceUtils - Adding inlined properties to environment: {spring.jmx.enabled=false, org.springframework.boot.test.context.SpringBootTestContextBootstrapper=true}
2021-02-24 14:12:12.897  INFO 28628 --- [    Test worker] c.r.rootdemo.RootdemoApplicationTests    : Starting RootdemoApplicationTests using Java 11.0.9 on BLD with PID 28628 (started by Barney in C:\Users\Barney\Documents\VSCodeWS\rootdemo)
2021-02-24 14:12:12.898  INFO 28628 --- [    Test worker] c.r.rootdemo.RootdemoApplicationTests    : No active profile set, falling back to default profiles: default
2021-02-24 14:12:13.199  INFO 28628 --- [    Test worker] c.r.rootdemo.RootdemoApplicationTests    : Started RootdemoApplicationTests in 0.489 seconds (JVM running for 1.363)
]]></system-out>
  <system-err><![CDATA[]]></system-err>
</testsuite>
